<?xml version="1.0" encoding="UTF-8"?>
<testsuite name="com.pelensky.tictactoe.BoardTest" tests="6" skipped="0" failures="0" errors="0" timestamp="2017-05-09T10:02:08" hostname="Dans-MBP" time="0.005">
  <properties/>
  <testcase name="cantChooseSomewhereOutsideBoard" classname="com.pelensky.tictactoe.BoardTest" time="0.0"/>
  <testcase name="allSpacesAreAvailableWhenBoardIsInitialized" classname="com.pelensky.tictactoe.BoardTest" time="0.0"/>
  <testcase name="getAvailableSpacesReturnsZeroWhenFull" classname="com.pelensky.tictactoe.BoardTest" time="0.001"/>
  <testcase name="takeTurn" classname="com.pelensky.tictactoe.BoardTest" time="0.0"/>
  <testcase name="cantChooseSomewhereTaken" classname="com.pelensky.tictactoe.BoardTest" time="0.0"/>
  <testcase name="boardInitializesWithNineSpaces" classname="com.pelensky.tictactoe.BoardTest" time="0.001"/>
  <system-out><![CDATA[]]></system-out>
  <system-err><![CDATA[]]></system-err>
</testsuite>
