<?xml version="1.0" encoding="UTF-8"?>
<testsuite name="com.pelensky.tictactoe.ComputerPlayerTest" tests="2" skipped="0" failures="0" errors="0" timestamp="2017-05-09T10:02:08" hostname="Dans-MBP" time="0.005">
  <properties/>
  <testcase name="markerIsStored" classname="com.pelensky.tictactoe.ComputerPlayerTest" time="0.001"/>
  <testcase name="computerSelectsASpot" classname="com.pelensky.tictactoe.ComputerPlayerTest" time="0.004"/>
  <system-out><![CDATA[]]></system-out>
  <system-err><![CDATA[]]></system-err>
</testsuite>
