<?xml version="1.0" encoding="UTF-8"?>
<testsuite name="com.pelensky.tictactoe.AppRunnerTest" tests="10" skipped="0" failures="0" errors="0" timestamp="2017-05-09T10:02:08" hostname="Dans-MBP" time="0.078">
  <properties/>
  <testcase name="quitGame" classname="com.pelensky.tictactoe.AppRunnerTest" time="0.034"/>
  <testcase name="selectGameType" classname="com.pelensky.tictactoe.AppRunnerTest" time="0.013"/>
  <testcase name="humanVScomputerHumanFirst" classname="com.pelensky.tictactoe.AppRunnerTest" time="0.006"/>
  <testcase name="stringSelected" classname="com.pelensky.tictactoe.AppRunnerTest" time="0.002"/>
  <testcase name="welcomesUser" classname="com.pelensky.tictactoe.AppRunnerTest" time="0.008"/>
  <testcase name="computerVScomputer" classname="com.pelensky.tictactoe.AppRunnerTest" time="0.004"/>
  <testcase name="humanVScomputerComputerFirst" classname="com.pelensky.tictactoe.AppRunnerTest" time="0.002"/>
  <testcase name="humanVShumanTiedGame" classname="com.pelensky.tictactoe.AppRunnerTest" time="0.003"/>
  <testcase name="humanVShuman" classname="com.pelensky.tictactoe.AppRunnerTest" time="0.002"/>
  <testcase name="invalidSelection" classname="com.pelensky.tictactoe.AppRunnerTest" time="0.002"/>
  <system-out><![CDATA[]]></system-out>
  <system-err><![CDATA[]]></system-err>
</testsuite>
